<?xml version="1.0" encoding="UTF-8"?>
<testsuite xmlns:xsi="http://www.w3.org/2001/XMLSchema-instance" xsi:noNamespaceSchemaLocation="https://maven.apache.org/surefire/maven-surefire-plugin/xsd/surefire-test-report.xsd" name="com.katalon.testops.junit.CalculatorJunit4Test" time="0.018" tests="13" errors="6" skipped="1" failures="1">
  <properties>
    <property name="gopherProxySet" value="false"/>
    <property name="awt.toolkit" value="sun.lwawt.macosx.LWCToolkit"/>
    <property name="file.encoding.pkg" value="sun.io"/>
    <property name="java.specification.version" value="1.8"/>
    <property name="sun.cpu.isalist" value=""/>
    <property name="sun.jnu.encoding" value="UTF-8"/>
    <property name="java.class.path" value="/Users/phuhuyngo/Downloads/testops-junit4/target/test-classes:/Users/phuhuyngo/Downloads/testops-junit4/target/classes:/Users/phuhuyngo/.m2/repository/org/slf4j/slf4j-api/1.7.30/slf4j-api-1.7.30.jar:/Users/phuhuyngo/.m2/repository/org/slf4j/slf4j-simple/1.7.30/slf4j-simple-1.7.30.jar:/Users/phuhuyngo/.m2/repository/junit/junit/4.13.1/junit-4.13.1.jar:/Users/phuhuyngo/.m2/repository/org/hamcrest/hamcrest-core/1.3/hamcrest-core-1.3.jar:/Users/phuhuyngo/.m2/repository/com/katalon/testops-commons/1.1.6/testops-commons-1.1.6.jar:/Users/phuhuyngo/.m2/repository/com/fasterxml/jackson/core/jackson-databind/2.12.0/jackson-databind-2.12.0.jar:/Users/phuhuyngo/.m2/repository/com/fasterxml/jackson/core/jackson-annotations/2.12.0/jackson-annotations-2.12.0.jar:/Users/phuhuyngo/.m2/repository/com/fasterxml/jackson/core/jackson-core/2.12.0/jackson-core-2.12.0.jar:/Users/phuhuyngo/.m2/repository/com/katalon/testops-api/1.0.0/testops-api-1.0.0.jar:/Users/phuhuyngo/.m2/repository/io/swagger/swagger-annotations/1.5.22/swagger-annotations-1.5.22.jar:/Users/phuhuyngo/.m2/repository/com/google/code/findbugs/jsr305/3.0.2/jsr305-3.0.2.jar:/Users/phuhuyngo/.m2/repository/org/springframework/spring-web/5.2.5.RELEASE/spring-web-5.2.5.RELEASE.jar:/Users/phuhuyngo/.m2/repository/org/springframework/spring-beans/5.2.5.RELEASE/spring-beans-5.2.5.RELEASE.jar:/Users/phuhuyngo/.m2/repository/org/springframework/spring-core/5.2.5.RELEASE/spring-core-5.2.5.RELEASE.jar:/Users/phuhuyngo/.m2/repository/org/springframework/spring-jcl/5.2.5.RELEASE/spring-jcl-5.2.5.RELEASE.jar:/Users/phuhuyngo/.m2/repository/org/springframework/spring-context/5.2.5.RELEASE/spring-context-5.2.5.RELEASE.jar:/Users/phuhuyngo/.m2/repository/org/springframework/spring-aop/5.2.5.RELEASE/spring-aop-5.2.5.RELEASE.jar:/Users/phuhuyngo/.m2/repository/org/springframework/spring-expression/5.2.5.RELEASE/spring-expression-5.2.5.RELEASE.jar:/Users/phuhuyngo/.m2/repository/com/fasterxml/jackson/jaxrs/jackson-jaxrs-json-provider/2.10.4/jackson-jaxrs-json-provider-2.10.4.jar:/Users/phuhuyngo/.m2/repository/com/fasterxml/jackson/jaxrs/jackson-jaxrs-base/2.10.4/jackson-jaxrs-base-2.10.4.jar:/Users/phuhuyngo/.m2/repository/com/fasterxml/jackson/module/jackson-module-jaxb-annotations/2.10.4/jackson-module-jaxb-annotations-2.10.4.jar:/Users/phuhuyngo/.m2/repository/jakarta/xml/bind/jakarta.xml.bind-api/2.3.2/jakarta.xml.bind-api-2.3.2.jar:/Users/phuhuyngo/.m2/repository/jakarta/activation/jakarta.activation-api/1.2.1/jakarta.activation-api-1.2.1.jar:/Users/phuhuyngo/.m2/repository/org/openapitools/jackson-databind-nullable/0.2.1/jackson-databind-nullable-0.2.1.jar:/Users/phuhuyngo/.m2/repository/com/fasterxml/jackson/datatype/jackson-datatype-jsr310/2.10.4/jackson-datatype-jsr310-2.10.4.jar:/Users/phuhuyngo/.m2/repository/org/apache/commons/commons-lang3/3.11/commons-lang3-3.11.jar:/Users/phuhuyngo/.m2/repository/org/apache/httpcomponents/httpclient/4.5.13/httpclient-4.5.13.jar:/Users/phuhuyngo/.m2/repository/org/apache/httpcomponents/httpcore/4.4.13/httpcore-4.4.13.jar:/Users/phuhuyngo/.m2/repository/commons-logging/commons-logging/1.2/commons-logging-1.2.jar:/Users/phuhuyngo/.m2/repository/commons-codec/commons-codec/1.11/commons-codec-1.11.jar:/Users/phuhuyngo/.m2/repository/com/github/markusbernhardt/proxy-vole/1.0.5/proxy-vole-1.0.5.jar:/Users/phuhuyngo/.m2/repository/net/java/dev/jna/jna/4.5.1/jna-4.5.1.jar:/Users/phuhuyngo/.m2/repository/net/java/dev/jna/jna-platform/4.5.1/jna-platform-4.5.1.jar:/Users/phuhuyngo/.m2/repository/org/ini4j/ini4j/0.5.4/ini4j-0.5.4.jar:/Users/phuhuyngo/.m2/repository/org/javadelight/delight-nashorn-sandbox/0.1.14/delight-nashorn-sandbox-0.1.14.jar:/Library/Java/JavaVirtualMachines/jdk1.8.0_221.jdk/Contents/Home/jre/../lib/tools.jar:/Users/phuhuyngo/.m2/repository/org/webjars/bower/js-beautify/1.6.12/js-beautify-1.6.12.jar:"/>
    <property name="java.vm.vendor" value="Oracle Corporation"/>
    <property name="sun.arch.data.model" value="64"/>
    <property name="java.vendor.url" value="http://java.oracle.com/"/>
    <property name="user.timezone" value="Asia/Ho_Chi_Minh"/>
    <property name="java.vm.specification.version" value="1.8"/>
    <property name="os.name" value="Mac OS X"/>
    <property name="user.country" value="US"/>
    <property name="sun.java.launcher" value="SUN_STANDARD"/>
    <property name="sun.boot.library.path" value="/Library/Java/JavaVirtualMachines/jdk1.8.0_221.jdk/Contents/Home/jre/lib"/>
    <property name="sun.java.command" value="/Users/phuhuyngo/Downloads/testops-junit4/target/surefire/surefirebooter6437518449721163879.jar /Users/phuhuyngo/Downloads/testops-junit4/target/surefire 2022-06-22T10-08-36_009-jvmRun1 surefire4861346768504597427tmp surefire_08440462390126044602tmp"/>
    <property name="http.nonProxyHosts" value="local|*.local|169.254/16|*.169.254/16"/>
    <property name="surefire.test.class.path" value="/Users/phuhuyngo/Downloads/testops-junit4/target/test-classes:/Users/phuhuyngo/Downloads/testops-junit4/target/classes:/Users/phuhuyngo/.m2/repository/org/slf4j/slf4j-api/1.7.30/slf4j-api-1.7.30.jar:/Users/phuhuyngo/.m2/repository/org/slf4j/slf4j-simple/1.7.30/slf4j-simple-1.7.30.jar:/Users/phuhuyngo/.m2/repository/junit/junit/4.13.1/junit-4.13.1.jar:/Users/phuhuyngo/.m2/repository/org/hamcrest/hamcrest-core/1.3/hamcrest-core-1.3.jar:/Users/phuhuyngo/.m2/repository/com/katalon/testops-commons/1.1.6/testops-commons-1.1.6.jar:/Users/phuhuyngo/.m2/repository/com/fasterxml/jackson/core/jackson-databind/2.12.0/jackson-databind-2.12.0.jar:/Users/phuhuyngo/.m2/repository/com/fasterxml/jackson/core/jackson-annotations/2.12.0/jackson-annotations-2.12.0.jar:/Users/phuhuyngo/.m2/repository/com/fasterxml/jackson/core/jackson-core/2.12.0/jackson-core-2.12.0.jar:/Users/phuhuyngo/.m2/repository/com/katalon/testops-api/1.0.0/testops-api-1.0.0.jar:/Users/phuhuyngo/.m2/repository/io/swagger/swagger-annotations/1.5.22/swagger-annotations-1.5.22.jar:/Users/phuhuyngo/.m2/repository/com/google/code/findbugs/jsr305/3.0.2/jsr305-3.0.2.jar:/Users/phuhuyngo/.m2/repository/org/springframework/spring-web/5.2.5.RELEASE/spring-web-5.2.5.RELEASE.jar:/Users/phuhuyngo/.m2/repository/org/springframework/spring-beans/5.2.5.RELEASE/spring-beans-5.2.5.RELEASE.jar:/Users/phuhuyngo/.m2/repository/org/springframework/spring-core/5.2.5.RELEASE/spring-core-5.2.5.RELEASE.jar:/Users/phuhuyngo/.m2/repository/org/springframework/spring-jcl/5.2.5.RELEASE/spring-jcl-5.2.5.RELEASE.jar:/Users/phuhuyngo/.m2/repository/org/springframework/spring-context/5.2.5.RELEASE/spring-context-5.2.5.RELEASE.jar:/Users/phuhuyngo/.m2/repository/org/springframework/spring-aop/5.2.5.RELEASE/spring-aop-5.2.5.RELEASE.jar:/Users/phuhuyngo/.m2/repository/org/springframework/spring-expression/5.2.5.RELEASE/spring-expression-5.2.5.RELEASE.jar:/Users/phuhuyngo/.m2/repository/com/fasterxml/jackson/jaxrs/jackson-jaxrs-json-provider/2.10.4/jackson-jaxrs-json-provider-2.10.4.jar:/Users/phuhuyngo/.m2/repository/com/fasterxml/jackson/jaxrs/jackson-jaxrs-base/2.10.4/jackson-jaxrs-base-2.10.4.jar:/Users/phuhuyngo/.m2/repository/com/fasterxml/jackson/module/jackson-module-jaxb-annotations/2.10.4/jackson-module-jaxb-annotations-2.10.4.jar:/Users/phuhuyngo/.m2/repository/jakarta/xml/bind/jakarta.xml.bind-api/2.3.2/jakarta.xml.bind-api-2.3.2.jar:/Users/phuhuyngo/.m2/repository/jakarta/activation/jakarta.activation-api/1.2.1/jakarta.activation-api-1.2.1.jar:/Users/phuhuyngo/.m2/repository/org/openapitools/jackson-databind-nullable/0.2.1/jackson-databind-nullable-0.2.1.jar:/Users/phuhuyngo/.m2/repository/com/fasterxml/jackson/datatype/jackson-datatype-jsr310/2.10.4/jackson-datatype-jsr310-2.10.4.jar:/Users/phuhuyngo/.m2/repository/org/apache/commons/commons-lang3/3.11/commons-lang3-3.11.jar:/Users/phuhuyngo/.m2/repository/org/apache/httpcomponents/httpclient/4.5.13/httpclient-4.5.13.jar:/Users/phuhuyngo/.m2/repository/org/apache/httpcomponents/httpcore/4.4.13/httpcore-4.4.13.jar:/Users/phuhuyngo/.m2/repository/commons-logging/commons-logging/1.2/commons-logging-1.2.jar:/Users/phuhuyngo/.m2/repository/commons-codec/commons-codec/1.11/commons-codec-1.11.jar:/Users/phuhuyngo/.m2/repository/com/github/markusbernhardt/proxy-vole/1.0.5/proxy-vole-1.0.5.jar:/Users/phuhuyngo/.m2/repository/net/java/dev/jna/jna/4.5.1/jna-4.5.1.jar:/Users/phuhuyngo/.m2/repository/net/java/dev/jna/jna-platform/4.5.1/jna-platform-4.5.1.jar:/Users/phuhuyngo/.m2/repository/org/ini4j/ini4j/0.5.4/ini4j-0.5.4.jar:/Users/phuhuyngo/.m2/repository/org/javadelight/delight-nashorn-sandbox/0.1.14/delight-nashorn-sandbox-0.1.14.jar:/Library/Java/JavaVirtualMachines/jdk1.8.0_221.jdk/Contents/Home/jre/../lib/tools.jar:/Users/phuhuyngo/.m2/repository/org/webjars/bower/js-beautify/1.6.12/js-beautify-1.6.12.jar:"/>
    <property name="sun.cpu.endian" value="little"/>
    <property name="user.home" value="/Users/phuhuyngo"/>
    <property name="user.language" value="en"/>
    <property name="java.specification.vendor" value="Oracle Corporation"/>
    <property name="java.home" value="/Library/Java/JavaVirtualMachines/jdk1.8.0_221.jdk/Contents/Home/jre"/>
    <property name="basedir" value="/Users/phuhuyngo/Downloads/testops-junit4"/>
    <property name="file.separator" value="/"/>
    <property name="line.separator" value="&#10;"/>
    <property name="java.vm.specification.vendor" value="Oracle Corporation"/>
    <property name="java.specification.name" value="Java Platform API Specification"/>
    <property name="java.awt.graphicsenv" value="sun.awt.CGraphicsEnvironment"/>
    <property name="surefire.real.class.path" value="/Users/phuhuyngo/Downloads/testops-junit4/target/surefire/surefirebooter6437518449721163879.jar"/>
    <property name="sun.boot.class.path" value="/Library/Java/JavaVirtualMachines/jdk1.8.0_221.jdk/Contents/Home/jre/lib/resources.jar:/Library/Java/JavaVirtualMachines/jdk1.8.0_221.jdk/Contents/Home/jre/lib/rt.jar:/Library/Java/JavaVirtualMachines/jdk1.8.0_221.jdk/Contents/Home/jre/lib/sunrsasign.jar:/Library/Java/JavaVirtualMachines/jdk1.8.0_221.jdk/Contents/Home/jre/lib/jsse.jar:/Library/Java/JavaVirtualMachines/jdk1.8.0_221.jdk/Contents/Home/jre/lib/jce.jar:/Library/Java/JavaVirtualMachines/jdk1.8.0_221.jdk/Contents/Home/jre/lib/charsets.jar:/Library/Java/JavaVirtualMachines/jdk1.8.0_221.jdk/Contents/Home/jre/lib/jfr.jar:/Library/Java/JavaVirtualMachines/jdk1.8.0_221.jdk/Contents/Home/jre/classes"/>
    <property name="sun.management.compiler" value="HotSpot 64-Bit Tiered Compilers"/>
    <property name="ftp.nonProxyHosts" value="local|*.local|169.254/16|*.169.254/16"/>
    <property name="java.runtime.version" value="1.8.0_221-b11"/>
    <property name="user.name" value="phuhuyngo"/>
    <property name="path.separator" value=":"/>
    <property name="os.version" value="10.16"/>
    <property name="java.endorsed.dirs" value="/Library/Java/JavaVirtualMachines/jdk1.8.0_221.jdk/Contents/Home/jre/lib/endorsed"/>
    <property name="java.runtime.name" value="Java(TM) SE Runtime Environment"/>
    <property name="file.encoding" value="UTF-8"/>
    <property name="java.vm.name" value="Java HotSpot(TM) 64-Bit Server VM"/>
    <property name="localRepository" value="/Users/phuhuyngo/.m2/repository"/>
    <property name="java.vendor.url.bug" value="http://bugreport.sun.com/bugreport/"/>
    <property name="java.io.tmpdir" value="/var/folders/yl/rb_6jx492ls9qtc8rkwcy8k00000gq/T/"/>
    <property name="java.version" value="1.8.0_221"/>
    <property name="user.dir" value="/Users/phuhuyngo/Downloads/testops-junit4"/>
    <property name="os.arch" value="x86_64"/>
    <property name="java.vm.specification.name" value="Java Virtual Machine Specification"/>
    <property name="java.awt.printerjob" value="sun.lwawt.macosx.CPrinterJob"/>
    <property name="sun.os.patch.level" value="unknown"/>
    <property name="java.library.path" value="/Users/phuhuyngo/Library/Java/Extensions:/Library/Java/Extensions:/Network/Library/Java/Extensions:/System/Library/Java/Extensions:/usr/lib/java:."/>
    <property name="java.vm.info" value="mixed mode"/>
    <property name="java.vendor" value="Oracle Corporation"/>
    <property name="java.vm.version" value="25.221-b11"/>
    <property name="java.ext.dirs" value="/Users/phuhuyngo/Library/Java/Extensions:/Library/Java/JavaVirtualMachines/jdk1.8.0_221.jdk/Contents/Home/jre/lib/ext:/Library/Java/Extensions:/Network/Library/Java/Extensions:/System/Library/Java/Extensions:/usr/lib/java"/>
    <property name="sun.io.unicode.encoding" value="UnicodeBig"/>
    <property name="java.class.version" value="52.0"/>
    <property name="socksNonProxyHosts" value="local|*.local|169.254/16|*.169.254/16"/>
  </properties>
  <testcase name="divideByZeroError3" classname="com.katalon.testops.junit.CalculatorJunit4Test" time="0.014">
    <error message="Divisor cannot be zero." type="java.lang.IllegalArgumentException">java.lang.IllegalArgumentException: Divisor cannot be zero.
	at com.katalon.testops.junit.CalculatorJunit4Test.divideByZeroError3(CalculatorJunit4Test.java:71)
</error>
    <system-err><![CDATA[[pool-1-thread-4] INFO com.katalon.testops.junit.reporter.TestRunManager - testStarted: divideByZeroError3
]]></system-err>
  </testcase>
  <testcase name="divideByZeroError2" classname="com.katalon.testops.junit.CalculatorJunit4Test" time="0.007">
    <error message="Divisor cannot be zero." type="java.lang.IllegalArgumentException">java.lang.IllegalArgumentException: Divisor cannot be zero.
	at com.katalon.testops.junit.CalculatorJunit4Test.divideByZeroError2(CalculatorJunit4Test.java:61)
</error>
    <system-err><![CDATA[[pool-1-thread-25] INFO com.katalon.testops.junit.reporter.TestRunManager - testStarted: divideByZeroError2
]]></system-err>
  </testcase>
  <testcase name="multiply" classname="com.katalon.testops.junit.CalculatorJunit4Test" time="0.013"/>
  <testcase name="add" classname="com.katalon.testops.junit.CalculatorJunit4Test" time="0.005"/>
  <testcase name="divideByZeroIncomplete" classname="com.katalon.testops.junit.CalculatorJunit4Test" time="0">
    <skipped message="okie"/>
  </testcase>
  <testcase name="divide" classname="com.katalon.testops.junit.CalculatorJunit4Test" time="0.002"/>
  <testcase name="divideByZeroError" classname="com.katalon.testops.junit.CalculatorJunit4Test" time="0.01">
    <error message="Divisor cannot be zero." type="java.lang.IllegalArgumentException">java.lang.IllegalArgumentException: Divisor cannot be zero.
	at com.katalon.testops.junit.CalculatorJunit4Test.divideByZeroError(CalculatorJunit4Test.java:56)
</error>
    <system-err><![CDATA[[pool-1-thread-26] INFO com.katalon.testops.junit.reporter.TestRunManager - testStarted: divideByZeroError
]]></system-err>
  </testcase>
  <testcase name="divideByZeroPassed" classname="com.katalon.testops.junit.CalculatorJunit4Test" time="0.01"/>
  <testcase name="subtract" classname="com.katalon.testops.junit.CalculatorJunit4Test" time="0.01"/>
  <testcase name="divideByZeroFailed" classname="com.katalon.testops.junit.CalculatorJunit4Test" time="0.003">
    <failure message="unexpected exception type thrown; expected:&lt;java.lang.IllegalStateException&gt; but was:&lt;java.lang.IllegalArgumentException&gt;" type="java.lang.AssertionError"><![CDATA[java.lang.AssertionError: unexpected exception type thrown; expected:<java.lang.IllegalStateException> but was:<java.lang.IllegalArgumentException>
	at com.katalon.testops.junit.CalculatorJunit4Test.divideByZeroFailed(CalculatorJunit4Test.java:49)
Caused by: java.lang.IllegalArgumentException: Divisor cannot be zero.
	at com.katalon.testops.junit.CalculatorJunit4Test.lambda$divideByZeroFailed$0(CalculatorJunit4Test.java:50)
	at com.katalon.testops.junit.CalculatorJunit4Test.divideByZeroFailed(CalculatorJunit4Test.java:49)
]]></failure>
    <system-err><![CDATA[[pool-1-thread-6] INFO com.katalon.testops.junit.reporter.TestRunManager - testStarted: divideByZeroFailed
]]></system-err>
  </testcase>
  <testcase name="divideByZeroError6" classname="com.katalon.testops.junit.CalculatorJunit4Test" time="0.001">
    <error message="Divisor cannot be zero." type="java.lang.IllegalArgumentException">java.lang.IllegalArgumentException: Divisor cannot be zero.
	at com.katalon.testops.junit.CalculatorJunit4Test.divideByZeroError6(CalculatorJunit4Test.java:66)
</error>
    <system-err><![CDATA[[pool-1-thread-10] INFO com.katalon.testops.junit.reporter.TestRunManager - testStarted: divideByZeroError6
]]></system-err>
  </testcase>
  <testcase name="divideByZeroError5" classname="com.katalon.testops.junit.CalculatorJunit4Test" time="0">
    <error message="Divisor cannot be zero." type="java.lang.IllegalArgumentException">java.lang.IllegalArgumentException: Divisor cannot be zero.
	at com.katalon.testops.junit.CalculatorJunit4Test.divideByZeroError5(CalculatorJunit4Test.java:81)
</error>
    <system-err><![CDATA[[pool-1-thread-19] INFO com.katalon.testops.junit.reporter.TestRunManager - testStarted: divideByZeroError5
]]></system-err>
  </testcase>
  <testcase name="divideByZeroError4" classname="com.katalon.testops.junit.CalculatorJunit4Test" time="0.008">
    <error message="Divisor cannot be zero." type="java.lang.IllegalArgumentException">java.lang.IllegalArgumentException: Divisor cannot be zero.
	at com.katalon.testops.junit.CalculatorJunit4Test.divideByZeroError4(CalculatorJunit4Test.java:76)
</error>
    <system-err><![CDATA[[pool-1-thread-21] INFO com.katalon.testops.junit.reporter.TestRunManager - testStarted: divideByZeroError4
]]></system-err>
  </testcase>
</testsuite>